<?xml version="1.0" encoding="UTF-8"?>
<coverage generated="1629740574394" clover="3.2.0">
  <project timestamp="1629740574395" name="All files">
    <metrics statements="21" coveredstatements="18" conditionals="5" coveredconditionals="3" methods="2" coveredmethods="2" elements="28" coveredelements="23" complexity="0" loc="21" ncloc="21" packages="1" files="1" classes="1"/>
    <file name="reduce-count-obj.js" path="/Users/DSG-A/github/@taaelab/js-basic/reduce-count-obj.js">
      <metrics statements="21" coveredstatements="18" conditionals="5" coveredconditionals="3" methods="2" coveredmethods="2"/>
      <line num="1" count="1" type="cond" truecount="1" falsecount="0"/>
      <line num="2" count="1" type="stmt"/>
      <line num="3" count="1" type="cond" truecount="1" falsecount="0"/>
      <line num="4" count="4" type="cond" truecount="1" falsecount="0"/>
      <line num="5" count="2" type="stmt"/>
      <line num="6" count="2" type="stmt"/>
      <line num="7" count="4" type="cond" truecount="0" falsecount="1"/>
      <line num="8" count="0" type="stmt"/>
      <line num="9" count="0" type="cond" truecount="0" falsecount="1"/>
      <line num="10" count="0" type="stmt"/>
      <line num="11" count="1" type="stmt"/>
      <line num="12" count="1" type="stmt"/>
      <line num="13" count="1" type="stmt"/>
      <line num="14" count="1" type="stmt"/>
      <line num="15" count="1" type="stmt"/>
      <line num="16" count="1" type="stmt"/>
      <line num="17" count="1" type="stmt"/>
      <line num="18" count="1" type="stmt"/>
      <line num="19" count="1" type="stmt"/>
      <line num="20" count="1" type="stmt"/>
      <line num="21" count="1" type="stmt"/>
    </file>
  </project>
</coverage>
